<?xml version="1.0" encoding="UTF-8"?>
<!-- Generated by org.testng.reporters.JUnitXMLReporter -->
<testsuite ignored="5" hostname="admins-MacBook-Pro-2.local" failures="0" tests="1" name="Default test" time="16.85" errors="0" timestamp="2025-10-30T16:30:17 IST">
  <testcase classname="tests.HR_Panel_Tests" name="AECP_HR_TC006" time="11.411"/>
  <testcase classname="tests.HR_Panel_Tests" name="AECP_HR_TC004" time="0.0">
    <ignored/>
  </testcase> <!-- AECP_HR_TC004 -->
  <testcase classname="tests.HR_Panel_Tests" name="AECP_HR_TC002" time="0.0">
    <ignored/>
  </testcase> <!-- AECP_HR_TC002 -->
  <testcase classname="tests.HR_Panel_Tests" name="AECP_HR_TC005" time="0.0">
    <ignored/>
  </testcase> <!-- AECP_HR_TC005 -->
  <testcase classname="tests.HR_Panel_Tests" name="AECP_HR_TC003" time="0.0">
    <ignored/>
  </testcase> <!-- AECP_HR_TC003 -->
  <testcase classname="tests.HR_Panel_Tests" name="AECP_HR_TC001" time="0.0">
    <ignored/>
  </testcase> <!-- AECP_HR_TC001 -->
</testsuite> <!-- Default test -->
