<?xml version="1.0" encoding="UTF-8"?>
<!-- Generated by org.testng.reporters.JUnitXMLReporter -->
<testsuite ignored="11" hostname="admins-MacBook-Pro-2.local" failures="0" tests="1" name="Default test" time="23.21" errors="0" timestamp="2025-11-20T15:54:01 IST">
  <testcase classname="tests.SiteEngineer_Panel_Tests" name="AECP_SE_TC012" time="17.505"/>
  <testcase classname="tests.SiteEngineer_Panel_Tests" name="AECP_SE_TC008" time="0.0">
    <ignored/>
  </testcase> <!-- AECP_SE_TC008 -->
  <testcase classname="tests.SiteEngineer_Panel_Tests" name="AECP_SE_TC009" time="0.0">
    <ignored/>
  </testcase> <!-- AECP_SE_TC009 -->
  <testcase classname="tests.SiteEngineer_Panel_Tests" name="AECP_SE_TC006" time="0.0">
    <ignored/>
  </testcase> <!-- AECP_SE_TC006 -->
  <testcase classname="tests.SiteEngineer_Panel_Tests" name="AECP_SE_TC007" time="0.0">
    <ignored/>
  </testcase> <!-- AECP_SE_TC007 -->
  <testcase classname="tests.SiteEngineer_Panel_Tests" name="AECP_SE_TC004" time="0.0">
    <ignored/>
  </testcase> <!-- AECP_SE_TC004 -->
  <testcase classname="tests.SiteEngineer_Panel_Tests" name="AECP_SE_TC005" time="0.0">
    <ignored/>
  </testcase> <!-- AECP_SE_TC005 -->
  <testcase classname="tests.SiteEngineer_Panel_Tests" name="AECP_SE_TC002" time="0.0">
    <ignored/>
  </testcase> <!-- AECP_SE_TC002 -->
  <testcase classname="tests.SiteEngineer_Panel_Tests" name="AECP_SE_TC003" time="0.0">
    <ignored/>
  </testcase> <!-- AECP_SE_TC003 -->
  <testcase classname="tests.SiteEngineer_Panel_Tests" name="AECP_SE_TC011" time="0.0">
    <ignored/>
  </testcase> <!-- AECP_SE_TC011 -->
  <testcase classname="tests.SiteEngineer_Panel_Tests" name="AECP_SE_TC001" time="0.0">
    <ignored/>
  </testcase> <!-- AECP_SE_TC001 -->
  <testcase classname="tests.SiteEngineer_Panel_Tests" name="AECP_SE_TC010" time="0.0">
    <ignored/>
  </testcase> <!-- AECP_SE_TC010 -->
</testsuite> <!-- Default test -->
