<?xml version="1.0" encoding="UTF-8"?>
<testng-results ignored="11" total="12" passed="1" failed="0" skipped="0">
  <reporter-output>
  </reporter-output>
  <suite started-at="2025-11-21T12:51:58 IST" name="Default suite" finished-at="2025-11-21T12:53:49 IST" duration-ms="111661">
    <groups>
      <group name="functional">
        <method signature="HR_Panel_Tests.AECP_HR_TC013()[pri:0, instance:tests.HR_Panel_Tests@158a3b2e]" name="AECP_HR_TC013" class="tests.HR_Panel_Tests"/>
      </group> <!-- functional -->
    </groups>
    <test started-at="2025-11-21T12:51:58 IST" name="Default test" finished-at="2025-11-21T12:53:49 IST" duration-ms="111661">
      <class name="tests.HR_Panel_Tests">
        <test-method is-config="true" signature="setup()[pri:0, instance:tests.HR_Panel_Tests@158a3b2e]" started-at="2025-11-21T12:51:58 IST" name="setup" finished-at="2025-11-21T12:51:58 IST" duration-ms="8" status="PASS">
          <reporter-output>
          </reporter-output>
        </test-method> <!-- setup -->
        <test-method is-config="true" signature="setUp()[pri:0, instance:tests.HR_Panel_Tests@158a3b2e]" started-at="2025-11-21T12:51:58 IST" name="setUp" finished-at="2025-11-21T12:53:38 IST" duration-ms="100446" status="PASS">
          <reporter-output>
          </reporter-output>
        </test-method> <!-- setUp -->
        <test-method signature="AECP_HR_TC013()[pri:0, instance:tests.HR_Panel_Tests@158a3b2e]" started-at="2025-11-21T12:53:38 IST" name="AECP_HR_TC013" finished-at="2025-11-21T12:53:49 IST" duration-ms="10979" status="PASS">
          <reporter-output>
          </reporter-output>
        </test-method> <!-- AECP_HR_TC013 -->
        <test-method is-config="true" signature="tearDown()[pri:0, instance:tests.HR_Panel_Tests@158a3b2e]" started-at="2025-11-21T12:53:49 IST" name="tearDown" finished-at="2025-11-21T12:53:49 IST" duration-ms="195" status="PASS">
          <reporter-output>
          </reporter-output>
        </test-method> <!-- tearDown -->
      </class> <!-- tests.HR_Panel_Tests -->
    </test> <!-- Default test -->
  </suite> <!-- Default suite -->
</testng-results>
