<?xml version="1.0" encoding="UTF-8"?>
<!-- Generated by org.testng.reporters.JUnitReportReporter -->
<testsuite hostname="admins-MacBook-Pro-2.local" failures="0" tests="2" name="tests.GM_Panel_Tests" time="61.535" errors="1" timestamp="2025-10-30T16:50:08 IST" skipped="1">
  <testcase classname="tests.GM_Panel_Tests" name="AECP_GM_TC001" time="0.000">
    <skipped/>
  </testcase> <!-- AECP_GM_TC001 -->
  <testcase classname="tests.GM_Panel_Tests" name="setUp" time="61.535">
    <error message="timeout: Timed out receiving message from renderer: 59.574
  (Session info: chrome=141.0.7390.123)
Build info: version: &#039;4.36.0&#039;, revision: &#039;6d115cfd87&#039;
System info: os.name: &#039;Mac OS X&#039;, os.arch: &#039;x86_64&#039;, os.version: &#039;12.7.6&#039;, java.version: &#039;21.0.2&#039;
Driver info: org.openqa.selenium.chrome.ChromeDriver
Command: [e71064662fca2e77b02885c072ab41e4, get {url=https://aecp.aecearth.io/}]
Capabilities {acceptInsecureCerts: false, browserName: chrome, browserVersion: 141.0.7390.123, chrome: {chromedriverVersion: 141.0.7390.122 (b477534e7e1..., userDataDir: /var/folders/70/t21qg8g92ln...}, fedcm:accounts: true, goog:chromeOptions: {debuggerAddress: localhost:52293}, networkConnectionEnabled: false, pageLoadStrategy: normal, platformName: mac, proxy: Proxy(), se:cdp: ws://localhost:52293/devtoo..., se:cdpVersion: 141.0.7390.123, setWindowRect: true, strictFileInteractability: false, timeouts: {implicit: 0, pageLoad: 120000, script: 30000}, unhandledPromptBehavior: dismiss and notify, webauthn:extension:credBlob: true, webauthn:extension:largeBlob: true, webauthn:extension:minPinLength: true, webauthn:extension:prf: true, webauthn:virtualAuthenticators: true}
Session ID: e71064662fca2e77b02885c072ab41e4" type="org.openqa.selenium.TimeoutException">
      <![CDATA[org.openqa.selenium.TimeoutException: timeout: Timed out receiving message from renderer: 59.574
  (Session info: chrome=141.0.7390.123)
Build info: version: '4.36.0', revision: '6d115cfd87'
System info: os.name: 'Mac OS X', os.arch: 'x86_64', os.version: '12.7.6', java.version: '21.0.2'
Driver info: org.openqa.selenium.chrome.ChromeDriver
Command: [e71064662fca2e77b02885c072ab41e4, get {url=https://aecp.aecearth.io/}]
Capabilities {acceptInsecureCerts: false, browserName: chrome, browserVersion: 141.0.7390.123, chrome: {chromedriverVersion: 141.0.7390.122 (b477534e7e1..., userDataDir: /var/folders/70/t21qg8g92ln...}, fedcm:accounts: true, goog:chromeOptions: {debuggerAddress: localhost:52293}, networkConnectionEnabled: false, pageLoadStrategy: normal, platformName: mac, proxy: Proxy(), se:cdp: ws://localhost:52293/devtoo..., se:cdpVersion: 141.0.7390.123, setWindowRect: true, strictFileInteractability: false, timeouts: {implicit: 0, pageLoad: 120000, script: 30000}, unhandledPromptBehavior: dismiss and notify, webauthn:extension:credBlob: true, webauthn:extension:largeBlob: true, webauthn:extension:minPinLength: true, webauthn:extension:prf: true, webauthn:virtualAuthenticators: true}
Session ID: e71064662fca2e77b02885c072ab41e4
at java.base/jdk.internal.reflect.DirectConstructorHandleAccessor.newInstance(DirectConstructorHandleAccessor.java:62)
at java.base/java.lang.reflect.Constructor.newInstanceWithCaller(Constructor.java:502)
at java.base/java.lang.reflect.Constructor.newInstance(Constructor.java:486)
at org.openqa.selenium.remote.ErrorCodec.decode(ErrorCodec.java:167)
at org.openqa.selenium.remote.codec.w3c.W3CHttpResponseCodec.decode(W3CHttpResponseCodec.java:138)
at org.openqa.selenium.remote.codec.w3c.W3CHttpResponseCodec.decode(W3CHttpResponseCodec.java:50)
at org.openqa.selenium.remote.HttpCommandExecutor.execute(HttpCommandExecutor.java:215)
at org.openqa.selenium.remote.service.DriverCommandExecutor.invokeExecute(DriverCommandExecutor.java:216)
at org.openqa.selenium.remote.service.DriverCommandExecutor.execute(DriverCommandExecutor.java:174)
at org.openqa.selenium.remote.RemoteWebDriver.execute(RemoteWebDriver.java:557)
at org.openqa.selenium.remote.RemoteWebDriver.get(RemoteWebDriver.java:325)
at utilities.UtilClass.getApplication(UtilClass.java:152)
at base.BaseClass.setUp(BaseClass.java:40)
at java.base/jdk.internal.reflect.DirectMethodHandleAccessor.invoke(DirectMethodHandleAccessor.java:103)
at java.base/java.lang.reflect.Method.invoke(Method.java:580)
at org.testng.internal.invokers.MethodInvocationHelper.invokeMethod(MethodInvocationHelper.java:141)
at org.testng.internal.invokers.MethodInvocationHelper.invokeMethodConsideringTimeout(MethodInvocationHelper.java:71)
at org.testng.internal.invokers.ConfigInvoker.invokeConfigurationMethod(ConfigInvoker.java:400)
at org.testng.internal.invokers.ConfigInvoker.invokeConfigurations(ConfigInvoker.java:333)
at org.testng.internal.invokers.TestInvoker.runConfigMethods(TestInvoker.java:836)
at org.testng.internal.invokers.TestInvoker.invokeMethod(TestInvoker.java:601)
at org.testng.internal.invokers.TestInvoker.invokeTestMethod(TestInvoker.java:230)
at org.testng.internal.invokers.MethodRunner.runInSequence(MethodRunner.java:63)
at org.testng.internal.invokers.TestInvoker$MethodInvocationAgent.invoke(TestInvoker.java:995)
at org.testng.internal.invokers.TestInvoker.invokeTestMethods(TestInvoker.java:203)
at org.testng.internal.invokers.TestMethodWorker.invokeTestMethods(TestMethodWorker.java:154)
at org.testng.internal.invokers.TestMethodWorker.run(TestMethodWorker.java:134)
at java.base/java.util.ArrayList.forEach(ArrayList.java:1596)
at org.testng.TestRunner.privateRun(TestRunner.java:741)
at org.testng.TestRunner.run(TestRunner.java:616)
at org.testng.SuiteRunner.runTest(SuiteRunner.java:421)
at org.testng.SuiteRunner.runSequentially(SuiteRunner.java:413)
at org.testng.SuiteRunner.privateRun(SuiteRunner.java:373)
at org.testng.SuiteRunner.run(SuiteRunner.java:312)
at org.testng.SuiteRunnerWorker.runSuite(SuiteRunnerWorker.java:52)
at org.testng.SuiteRunnerWorker.run(SuiteRunnerWorker.java:95)
at org.testng.TestNG.runSuitesSequentially(TestNG.java:1274)
at org.testng.TestNG.runSuitesLocally(TestNG.java:1208)
at org.testng.TestNG.runSuites(TestNG.java:1112)
at org.testng.TestNG.run(TestNG.java:1079)
at org.testng.remote.AbstractRemoteTestNG.run(AbstractRemoteTestNG.java:115)
at org.testng.remote.RemoteTestNG.initAndRun(RemoteTestNG.java:293)
at org.testng.remote.RemoteTestNG.main(RemoteTestNG.java:91)
]]>
    </error>
  </testcase> <!-- setUp -->
</testsuite> <!-- tests.GM_Panel_Tests -->
